<?xml version="1.0" encoding="UTF-8"?>
<testng-results ignored="0" total="2" passed="2" failed="0" skipped="0">
  <reporter-output>
  </reporter-output>
  <suite started-at="2023-07-13T17:07:44 IST" name="Default suite" finished-at="2023-07-13T17:09:25 IST" duration-ms="101257">
    <groups>
    </groups>
    <test started-at="2023-07-13T17:07:44 IST" name="Default test" finished-at="2023-07-13T17:09:25 IST" duration-ms="101257">
      <class name="makemytrip.SingletripMMT">
        <test-method is-config="true" signature="beforeMethod()[pri:0, instance:makemytrip.SingletripMMT@2d52216b]" started-at="2023-07-13T17:07:44 IST" name="beforeMethod" finished-at="2023-07-13T17:08:24 IST" duration-ms="39943" status="PASS">
          <reporter-output>
          </reporter-output>
        </test-method> <!-- beforeMethod -->
        <test-method signature="MakeMyTripLogo()[pri:1, instance:makemytrip.SingletripMMT@2d52216b]" started-at="2023-07-13T17:08:24 IST" name="MakeMyTripLogo" finished-at="2023-07-13T17:08:25 IST" duration-ms="1153" status="PASS">
          <reporter-output>
          </reporter-output>
        </test-method> <!-- MakeMyTripLogo -->
        <test-method is-config="true" signature="TearDownMethod()[pri:0, instance:makemytrip.SingletripMMT@2d52216b]" started-at="2023-07-13T17:08:25 IST" name="TearDownMethod" finished-at="2023-07-13T17:08:30 IST" duration-ms="5130" status="PASS">
          <reporter-output>
          </reporter-output>
        </test-method> <!-- TearDownMethod -->
        <test-method is-config="true" signature="beforeMethod()[pri:0, instance:makemytrip.SingletripMMT@2d52216b]" started-at="2023-07-13T17:08:30 IST" name="beforeMethod" finished-at="2023-07-13T17:08:55 IST" duration-ms="25215" status="PASS">
          <reporter-output>
          </reporter-output>
        </test-method> <!-- beforeMethod -->
        <test-method signature="selectFromAndTo()[pri:2, instance:makemytrip.SingletripMMT@2d52216b]" started-at="2023-07-13T17:08:55 IST" name="selectFromAndTo" finished-at="2023-07-13T17:09:22 IST" duration-ms="26455" status="PASS">
          <reporter-output>
          </reporter-output>
        </test-method> <!-- selectFromAndTo -->
        <test-method is-config="true" signature="TearDownMethod()[pri:0, instance:makemytrip.SingletripMMT@2d52216b]" started-at="2023-07-13T17:09:22 IST" name="TearDownMethod" finished-at="2023-07-13T17:09:25 IST" duration-ms="3214" status="PASS">
          <reporter-output>
          </reporter-output>
        </test-method> <!-- TearDownMethod -->
      </class> <!-- makemytrip.SingletripMMT -->
    </test> <!-- Default test -->
  </suite> <!-- Default suite -->
</testng-results>
