<?xml version="1.0" encoding="UTF-8"?>
<testng-results ignored="0" total="2" passed="2" failed="0" skipped="0">
  <reporter-output>
  </reporter-output>
  <suite started-at="2023-07-13T17:23:48 IST" name="Suite" finished-at="2023-07-13T17:26:04 IST" duration-ms="136047">
    <groups>
    </groups>
    <test started-at="2023-07-13T17:23:48 IST" name="Test" finished-at="2023-07-13T17:26:04 IST" duration-ms="136047">
      <class name="makemytrip.SingletripMMT">
        <test-method is-config="true" signature="beforeMethod()[pri:0, instance:makemytrip.SingletripMMT@1b2abca6]" started-at="2023-07-13T17:23:48 IST" name="beforeMethod" finished-at="2023-07-13T17:24:41 IST" duration-ms="53417" status="PASS">
          <reporter-output>
          </reporter-output>
        </test-method> <!-- beforeMethod -->
        <test-method signature="MakeMyTripLogo()[pri:1, instance:makemytrip.SingletripMMT@1b2abca6]" started-at="2023-07-13T17:24:41 IST" name="MakeMyTripLogo" finished-at="2023-07-13T17:24:42 IST" duration-ms="450" status="PASS">
          <reporter-output>
          </reporter-output>
        </test-method> <!-- MakeMyTripLogo -->
        <test-method is-config="true" signature="TearDownMethod()[pri:0, instance:makemytrip.SingletripMMT@1b2abca6]" started-at="2023-07-13T17:24:42 IST" name="TearDownMethod" finished-at="2023-07-13T17:24:48 IST" duration-ms="6437" status="PASS">
          <reporter-output>
          </reporter-output>
        </test-method> <!-- TearDownMethod -->
        <test-method is-config="true" signature="beforeMethod()[pri:0, instance:makemytrip.SingletripMMT@1b2abca6]" started-at="2023-07-13T17:24:48 IST" name="beforeMethod" finished-at="2023-07-13T17:25:32 IST" duration-ms="43464" status="PASS">
          <reporter-output>
          </reporter-output>
        </test-method> <!-- beforeMethod -->
        <test-method signature="selectFromAndTo()[pri:2, instance:makemytrip.SingletripMMT@1b2abca6]" started-at="2023-07-13T17:25:32 IST" name="selectFromAndTo" finished-at="2023-07-13T17:25:59 IST" duration-ms="27339" status="PASS">
          <reporter-output>
          </reporter-output>
        </test-method> <!-- selectFromAndTo -->
        <test-method is-config="true" signature="TearDownMethod()[pri:0, instance:makemytrip.SingletripMMT@1b2abca6]" started-at="2023-07-13T17:25:59 IST" name="TearDownMethod" finished-at="2023-07-13T17:26:04 IST" duration-ms="4792" status="PASS">
          <reporter-output>
          </reporter-output>
        </test-method> <!-- TearDownMethod -->
      </class> <!-- makemytrip.SingletripMMT -->
    </test> <!-- Test -->
  </suite> <!-- Suite -->
</testng-results>
